[2024-10-02 01:55:56] production.ERROR: cURL error 28: Operation timed out after 32623 milliseconds with 2113274 bytes received (see https://curl.haxx.se/libcurl/c/libcurl-errors.html) for https://api.ugzambia.net/api/data-import/202409 {"exception":"[object] (Illuminate\\Http\\Client\\ConnectionException(code: 0): cURL error 28: Operation timed out after 32623 milliseconds with 2113274 bytes received (see https://curl.haxx.se/libcurl/c/libcurl-errors.html) for https://api.ugzambia.net/api/data-import/202409 at /home/ugzambia/public_html/sv.ugzambia.net/vendor/laravel/framework/src/Illuminate/Http/Client/PendingRequest.php:926)
[stacktrace]
#0 /home/ugzambia/public_html/sv.ugzambia.net/vendor/laravel/framework/src/Illuminate/Support/helpers.php(248): Illuminate\\Http\\Client\\PendingRequest->Illuminate\\Http\\Client\\{closure}(1)
#1 /home/ugzambia/public_html/sv.ugzambia.net/vendor/laravel/framework/src/Illuminate/Http/Client/PendingRequest.php(892): retry(0, Object(Closure), 100, Object(Closure))
#2 /home/ugzambia/public_html/sv.ugzambia.net/vendor/laravel/framework/src/Illuminate/Http/Client/PendingRequest.php(770): Illuminate\\Http\\Client\\PendingRequest->send('GET', 'https://api.ugz...', Array)
#3 /home/ugzambia/public_html/sv.ugzambia.net/vendor/laravel/framework/src/Illuminate/Http/Client/Factory.php(441): Illuminate\\Http\\Client\\PendingRequest->get('https://api.ugz...')
#4 /home/ugzambia/public_html/sv.ugzambia.net/vendor/laravel/framework/src/Illuminate/Support/Facades/Facade.php(355): Illuminate\\Http\\Client\\Factory->__call('get', Array)
#5 /home/ugzambia/public_html/sv.ugzambia.net/app/Http/Controllers/Api/ApiDataImportController.php(27): Illuminate\\Support\\Facades\\Facade::__callStatic('get', Array)
#6 /home/ugzambia/public_html/sv.ugzambia.net/vendor/laravel/framework/src/Illuminate/Routing/Controller.php(54): App\\Http\\Controllers\\Api\\ApiDataImportController->index(Object(Illuminate\\Http\\Request), '202409')
#7 /home/ugzambia/public_html/sv.ugzambia.net/vendor/laravel/framework/src/Illuminate/Routing/ControllerDispatcher.php(43): Illuminate\\Routing\\Controller->callAction('index', Array)
#8 /home/ugzambia/public_html/sv.ugzambia.net/vendor/laravel/framework/src/Illuminate/Routing/Route.php(259): Illuminate\\Routing\\ControllerDispatcher->dispatch(Object(Illuminate\\Routing\\Route), Object(App\\Http\\Controllers\\Api\\ApiDataImportController), 'index')
#9 /home/ugzambia/public_html/sv.ugzambia.net/vendor/laravel/framework/src/Illuminate/Routing/Route.php(205): Illuminate\\Routing\\Route->runController()
#10 /home/ugzambia/public_html/sv.ugzambia.net/vendor/laravel/framework/src/Illuminate/Routing/Router.php(806): Illuminate\\Routing\\Route->run()
#11 /home/ugzambia/public_html/sv.ugzambia.net/vendor/laravel/framework/src/Illuminate/Pipeline/Pipeline.php(144): Illuminate\\Routing\\Router->Illuminate\\Routing\\{closure}(Object(Illuminate\\Http\\Request))
#12 /home/ugzambia/public_html/sv.ugzambia.net/vendor/examyou/rest-api/src/Middleware/ApiMiddleware.php(17): Illuminate\\Pipeline\\Pipeline->Illuminate\\Pipeline\\{closure}(Object(Illuminate\\Http\\Request))
#13 /home/ugzambia/public_html/sv.ugzambia.net/vendor/laravel/framework/src/Illuminate/Pipeline/Pipeline.php(183): Examyou\\RestAPI\\Middleware\\ApiMiddleware->handle(Object(Illuminate\\Http\\Request), Object(Closure))
#14 /home/ugzambia/public_html/sv.ugzambia.net/vendor/laravel/framework/src/Illuminate/Pipeline/Pipeline.php(119): Illuminate\\Pipeline\\Pipeline->Illuminate\\Pipeline\\{closure}(Object(Illuminate\\Http\\Request))
#15 /home/ugzambia/public_html/sv.ugzambia.net/vendor/laravel/framework/src/Illuminate/Routing/Router.php(805): Illuminate\\Pipeline\\Pipeline->then(Object(Closure))
#16 /home/ugzambia/public_html/sv.ugzambia.net/vendor/laravel/framework/src/Illuminate/Routing/Router.php(784): Illuminate\\Routing\\Router->runRouteWithinStack(Object(Illuminate\\Routing\\Route), Object(Illuminate\\Http\\Request))
#17 /home/ugzambia/public_html/sv.ugzambia.net/vendor/laravel/framework/src/Illuminate/Routing/Router.php(748): Illuminate\\Routing\\Router->runRoute(Object(Illuminate\\Http\\Request), Object(Illuminate\\Routing\\Route))
#18 /home/ugzambia/public_html/sv.ugzambia.net/vendor/laravel/framework/src/Illuminate/Routing/Router.php(737): Illuminate\\Routing\\Router->dispatchToRoute(Object(Illuminate\\Http\\Request))
#19 /home/ugzambia/public_html/sv.ugzambia.net/vendor/laravel/framework/src/Illuminate/Foundation/Http/Kernel.php(200): Illuminate\\Routing\\Router->dispatch(Object(Illuminate\\Http\\Request))
#20 /home/ugzambia/public_html/sv.ugzambia.net/vendor/laravel/framework/src/Illuminate/Pipeline/Pipeline.php(144): Illuminate\\Foundation\\Http\\Kernel->Illuminate\\Foundation\\Http\\{closure}(Object(Illuminate\\Http\\Request))
#21 /home/ugzambia/public_html/sv.ugzambia.net/vendor/laravel/framework/src/Illuminate/Session/Middleware/StartSession.php(121): Illuminate\\Pipeline\\Pipeline->Illuminate\\Pipeline\\{closure}(Object(Illuminate\\Http\\Request))
#22 /home/ugzambia/public_html/sv.ugzambia.net/vendor/laravel/framework/src/Illuminate/Session/Middleware/StartSession.php(64): Illuminate\\Session\\Middleware\\StartSession->handleStatefulRequest(Object(Illuminate\\Http\\Request), Object(Illuminate\\Session\\Store), Object(Closure))
#23 /home/ugzambia/public_html/sv.ugzambia.net/vendor/laravel/framework/src/Illuminate/Pipeline/Pipeline.php(183): Illuminate\\Session\\Middleware\\StartSession->handle(Object(Illuminate\\Http\\Request), Object(Closure))
#24 /home/ugzambia/public_html/sv.ugzambia.net/vendor/laravel/framework/src/Illuminate/Foundation/Http/Middleware/TransformsRequest.php(21): Illuminate\\Pipeline\\Pipeline->Illuminate\\Pipeline\\{closure}(Object(Illuminate\\Http\\Request))
#25 /home/ugzambia/public_html/sv.ugzambia.net/vendor/laravel/framework/src/Illuminate/Foundation/Http/Middleware/ConvertEmptyStringsToNull.php(31): Illuminate\\Foundation\\Http\\Middleware\\TransformsRequest->handle(Object(Illuminate\\Http\\Request), Object(Closure))
#26 /home/ugzambia/public_html/sv.ugzambia.net/vendor/laravel/framework/src/Illuminate/Pipeline/Pipeline.php(183): Illuminate\\Foundation\\Http\\Middleware\\ConvertEmptyStringsToNull->handle(Object(Illuminate\\Http\\Request), Object(Closure))
#27 /home/ugzambia/public_html/sv.ugzambia.net/vendor/laravel/framework/src/Illuminate/Foundation/Http/Middleware/TransformsRequest.php(21): Illuminate\\Pipeline\\Pipeline->Illuminate\\Pipeline\\{closure}(Object(Illuminate\\Http\\Request))
#28 /home/ugzambia/public_html/sv.ugzambia.net/vendor/laravel/framework/src/Illuminate/Foundation/Http/Middleware/TrimStrings.php(40): Illuminate\\Foundation\\Http\\Middleware\\TransformsRequest->handle(Object(Illuminate\\Http\\Request), Object(Closure))
#29 /home/ugzambia/public_html/sv.ugzambia.net/vendor/laravel/framework/src/Illuminate/Pipeline/Pipeline.php(183): Illuminate\\Foundation\\Http\\Middleware\\TrimStrings->handle(Object(Illuminate\\Http\\Request), Object(Closure))
#30 /home/ugzambia/public_html/sv.ugzambia.net/vendor/laravel/framework/src/Illuminate/Foundation/Http/Middleware/ValidatePostSize.php(27): Illuminate\\Pipeline\\Pipeline->Illuminate\\Pipeline\\{closure}(Object(Illuminate\\Http\\Request))
#31 /home/ugzambia/public_html/sv.ugzambia.net/vendor/laravel/framework/src/Illuminate/Pipeline/Pipeline.php(183): Illuminate\\Foundation\\Http\\Middleware\\ValidatePostSize->handle(Object(Illuminate\\Http\\Request), Object(Closure))
#32 /home/ugzambia/public_html/sv.ugzambia.net/vendor/laravel/framework/src/Illuminate/Foundation/Http/Middleware/PreventRequestsDuringMaintenance.php(99): Illuminate\\Pipeline\\Pipeline->Illuminate\\Pipeline\\{closure}(Object(Illuminate\\Http\\Request))
#33 /home/ugzambia/public_html/sv.ugzambia.net/vendor/laravel/framework/src/Illuminate/Pipeline/Pipeline.php(183): Illuminate\\Foundation\\Http\\Middleware\\PreventRequestsDuringMaintenance->handle(Object(Illuminate\\Http\\Request), Object(Closure))
#34 /home/ugzambia/public_html/sv.ugzambia.net/vendor/laravel/framework/src/Illuminate/Http/Middleware/HandleCors.php(62): Illuminate\\Pipeline\\Pipeline->Illuminate\\Pipeline\\{closure}(Object(Illuminate\\Http\\Request))
#35 /home/ugzambia/public_html/sv.ugzambia.net/vendor/laravel/framework/src/Illuminate/Pipeline/Pipeline.php(183): Illuminate\\Http\\Middleware\\HandleCors->handle(Object(Illuminate\\Http\\Request), Object(Closure))
#36 /home/ugzambia/public_html/sv.ugzambia.net/vendor/laravel/framework/src/Illuminate/Http/Middleware/TrustProxies.php(39): Illuminate\\Pipeline\\Pipeline->Illuminate\\Pipeline\\{closure}(Object(Illuminate\\Http\\Request))
#37 /home/ugzambia/public_html/sv.ugzambia.net/vendor/laravel/framework/src/Illuminate/Pipeline/Pipeline.php(183): Illuminate\\Http\\Middleware\\TrustProxies->handle(Object(Illuminate\\Http\\Request), Object(Closure))
#38 /home/ugzambia/public_html/sv.ugzambia.net/vendor/laravel/framework/src/Illuminate/Pipeline/Pipeline.php(119): Illuminate\\Pipeline\\Pipeline->Illuminate\\Pipeline\\{closure}(Object(Illuminate\\Http\\Request))
#39 /home/ugzambia/public_html/sv.ugzambia.net/vendor/laravel/framework/src/Illuminate/Foundation/Http/Kernel.php(175): Illuminate\\Pipeline\\Pipeline->then(Object(Closure))
#40 /home/ugzambia/public_html/sv.ugzambia.net/vendor/laravel/framework/src/Illuminate/Foundation/Http/Kernel.php(144): Illuminate\\Foundation\\Http\\Kernel->sendRequestThroughRouter(Object(Illuminate\\Http\\Request))
#41 /home/ugzambia/public_html/sv.ugzambia.net/public/index.php(51): Illuminate\\Foundation\\Http\\Kernel->handle(Object(Illuminate\\Http\\Request))
#42 {main}

[previous exception] [object] (GuzzleHttp\\Exception\\ConnectException(code: 0): cURL error 28: Operation timed out after 32623 milliseconds with 2113274 bytes received (see https://curl.haxx.se/libcurl/c/libcurl-errors.html) for https://api.ugzambia.net/api/data-import/202409 at /home/ugzambia/public_html/sv.ugzambia.net/vendor/guzzlehttp/guzzle/src/Handler/CurlFactory.php:210)
[stacktrace]
#0 /home/ugzambia/public_html/sv.ugzambia.net/vendor/guzzlehttp/guzzle/src/Handler/CurlFactory.php(158): GuzzleHttp\\Handler\\CurlFactory::createRejection(Object(GuzzleHttp\\Handler\\EasyHandle), Array)
#1 /home/ugzambia/public_html/sv.ugzambia.net/vendor/guzzlehttp/guzzle/src/Handler/CurlFactory.php(110): GuzzleHttp\\Handler\\CurlFactory::finishError(Object(GuzzleHttp\\Handler\\CurlHandler), Object(GuzzleHttp\\Handler\\EasyHandle), Object(GuzzleHttp\\Handler\\CurlFactory))
#2 /home/ugzambia/public_html/sv.ugzambia.net/vendor/guzzlehttp/guzzle/src/Handler/CurlHandler.php(47): GuzzleHttp\\Handler\\CurlFactory::finish(Object(GuzzleHttp\\Handler\\CurlHandler), Object(GuzzleHttp\\Handler\\EasyHandle), Object(GuzzleHttp\\Handler\\CurlFactory))
#3 /home/ugzambia/public_html/sv.ugzambia.net/vendor/guzzlehttp/guzzle/src/Handler/Proxy.php(28): GuzzleHttp\\Handler\\CurlHandler->__invoke(Object(GuzzleHttp\\Psr7\\Request), Array)
#4 /home/ugzambia/public_html/sv.ugzambia.net/vendor/guzzlehttp/guzzle/src/Handler/Proxy.php(48): GuzzleHttp\\Handler\\Proxy::GuzzleHttp\\Handler\\{closure}(Object(GuzzleHttp\\Psr7\\Request), Array)
#5 /home/ugzambia/public_html/sv.ugzambia.net/vendor/laravel/framework/src/Illuminate/Http/Client/PendingRequest.php(1252): GuzzleHttp\\Handler\\Proxy::GuzzleHttp\\Handler\\{closure}(Object(GuzzleHttp\\Psr7\\Request), Array)
#6 /home/ugzambia/public_html/sv.ugzambia.net/vendor/laravel/framework/src/Illuminate/Http/Client/PendingRequest.php(1218): Illuminate\\Http\\Client\\PendingRequest->Illuminate\\Http\\Client\\{closure}(Object(GuzzleHttp\\Psr7\\Request), Array)
#7 /home/ugzambia/public_html/sv.ugzambia.net/vendor/laravel/framework/src/Illuminate/Http/Client/PendingRequest.php(1204): Illuminate\\Http\\Client\\PendingRequest->Illuminate\\Http\\Client\\{closure}(Object(GuzzleHttp\\Psr7\\Request), Array)
#8 /home/ugzambia/public_html/sv.ugzambia.net/vendor/guzzlehttp/guzzle/src/PrepareBodyMiddleware.php(35): Illuminate\\Http\\Client\\PendingRequest->Illuminate\\Http\\Client\\{closure}(Object(GuzzleHttp\\Psr7\\Request), Array)
#9 /home/ugzambia/public_html/sv.ugzambia.net/vendor/guzzlehttp/guzzle/src/Middleware.php(38): GuzzleHttp\\PrepareBodyMiddleware->__invoke(Object(GuzzleHttp\\Psr7\\Request), Array)
#10 /home/ugzambia/public_html/sv.ugzambia.net/vendor/guzzlehttp/guzzle/src/RedirectMiddleware.php(71): GuzzleHttp\\Middleware::GuzzleHttp\\{closure}(Object(GuzzleHttp\\Psr7\\Request), Array)
#11 /home/ugzambia/public_html/sv.ugzambia.net/vendor/guzzlehttp/guzzle/src/Middleware.php(63): GuzzleHttp\\RedirectMiddleware->__invoke(Object(GuzzleHttp\\Psr7\\Request), Array)
#12 /home/ugzambia/public_html/sv.ugzambia.net/vendor/guzzlehttp/guzzle/src/HandlerStack.php(75): GuzzleHttp\\Middleware::GuzzleHttp\\{closure}(Object(GuzzleHttp\\Psr7\\Request), Array)
#13 /home/ugzambia/public_html/sv.ugzambia.net/vendor/guzzlehttp/guzzle/src/Client.php(333): GuzzleHttp\\HandlerStack->__invoke(Object(GuzzleHttp\\Psr7\\Request), Array)
#14 /home/ugzambia/public_html/sv.ugzambia.net/vendor/guzzlehttp/guzzle/src/Client.php(169): GuzzleHttp\\Client->transfer(Object(GuzzleHttp\\Psr7\\Request), Array)
#15 /home/ugzambia/public_html/sv.ugzambia.net/vendor/guzzlehttp/guzzle/src/Client.php(189): GuzzleHttp\\Client->requestAsync('GET', Object(GuzzleHttp\\Psr7\\Uri), Array)
#16 /home/ugzambia/public_html/sv.ugzambia.net/vendor/laravel/framework/src/Illuminate/Http/Client/PendingRequest.php(1049): GuzzleHttp\\Client->request('GET', 'https://api.ugz...', Array)
#17 /home/ugzambia/public_html/sv.ugzambia.net/vendor/laravel/framework/src/Illuminate/Http/Client/PendingRequest.php(894): Illuminate\\Http\\Client\\PendingRequest->sendRequest('GET', 'https://api.ugz...', Array)
#18 /home/ugzambia/public_html/sv.ugzambia.net/vendor/laravel/framework/src/Illuminate/Support/helpers.php(248): Illuminate\\Http\\Client\\PendingRequest->Illuminate\\Http\\Client\\{closure}(1)
#19 /home/ugzambia/public_html/sv.ugzambia.net/vendor/laravel/framework/src/Illuminate/Http/Client/PendingRequest.php(892): retry(0, Object(Closure), 100, Object(Closure))
#20 /home/ugzambia/public_html/sv.ugzambia.net/vendor/laravel/framework/src/Illuminate/Http/Client/PendingRequest.php(770): Illuminate\\Http\\Client\\PendingRequest->send('GET', 'https://api.ugz...', Array)
#21 /home/ugzambia/public_html/sv.ugzambia.net/vendor/laravel/framework/src/Illuminate/Http/Client/Factory.php(441): Illuminate\\Http\\Client\\PendingRequest->get('https://api.ugz...')
#22 /home/ugzambia/public_html/sv.ugzambia.net/vendor/laravel/framework/src/Illuminate/Support/Facades/Facade.php(355): Illuminate\\Http\\Client\\Factory->__call('get', Array)
#23 /home/ugzambia/public_html/sv.ugzambia.net/app/Http/Controllers/Api/ApiDataImportController.php(27): Illuminate\\Support\\Facades\\Facade::__callStatic('get', Array)
#24 /home/ugzambia/public_html/sv.ugzambia.net/vendor/laravel/framework/src/Illuminate/Routing/Controller.php(54): App\\Http\\Controllers\\Api\\ApiDataImportController->index(Object(Illuminate\\Http\\Request), '202409')
#25 /home/ugzambia/public_html/sv.ugzambia.net/vendor/laravel/framework/src/Illuminate/Routing/ControllerDispatcher.php(43): Illuminate\\Routing\\Controller->callAction('index', Array)
#26 /home/ugzambia/public_html/sv.ugzambia.net/vendor/laravel/framework/src/Illuminate/Routing/Route.php(259): Illuminate\\Routing\\ControllerDispatcher->dispatch(Object(Illuminate\\Routing\\Route), Object(App\\Http\\Controllers\\Api\\ApiDataImportController), 'index')
#27 /home/ugzambia/public_html/sv.ugzambia.net/vendor/laravel/framework/src/Illuminate/Routing/Route.php(205): Illuminate\\Routing\\Route->runController()
#28 /home/ugzambia/public_html/sv.ugzambia.net/vendor/laravel/framework/src/Illuminate/Routing/Router.php(806): Illuminate\\Routing\\Route->run()
#29 /home/ugzambia/public_html/sv.ugzambia.net/vendor/laravel/framework/src/Illuminate/Pipeline/Pipeline.php(144): Illuminate\\Routing\\Router->Illuminate\\Routing\\{closure}(Object(Illuminate\\Http\\Request))
#30 /home/ugzambia/public_html/sv.ugzambia.net/vendor/examyou/rest-api/src/Middleware/ApiMiddleware.php(17): Illuminate\\Pipeline\\Pipeline->Illuminate\\Pipeline\\{closure}(Object(Illuminate\\Http\\Request))
#31 /home/ugzambia/public_html/sv.ugzambia.net/vendor/laravel/framework/src/Illuminate/Pipeline/Pipeline.php(183): Examyou\\RestAPI\\Middleware\\ApiMiddleware->handle(Object(Illuminate\\Http\\Request), Object(Closure))
#32 /home/ugzambia/public_html/sv.ugzambia.net/vendor/laravel/framework/src/Illuminate/Pipeline/Pipeline.php(119): Illuminate\\Pipeline\\Pipeline->Illuminate\\Pipeline\\{closure}(Object(Illuminate\\Http\\Request))
#33 /home/ugzambia/public_html/sv.ugzambia.net/vendor/laravel/framework/src/Illuminate/Routing/Router.php(805): Illuminate\\Pipeline\\Pipeline->then(Object(Closure))
#34 /home/ugzambia/public_html/sv.ugzambia.net/vendor/laravel/framework/src/Illuminate/Routing/Router.php(784): Illuminate\\Routing\\Router->runRouteWithinStack(Object(Illuminate\\Routing\\Route), Object(Illuminate\\Http\\Request))
#35 /home/ugzambia/public_html/sv.ugzambia.net/vendor/laravel/framework/src/Illuminate/Routing/Router.php(748): Illuminate\\Routing\\Router->runRoute(Object(Illuminate\\Http\\Request), Object(Illuminate\\Routing\\Route))
#36 /home/ugzambia/public_html/sv.ugzambia.net/vendor/laravel/framework/src/Illuminate/Routing/Router.php(737): Illuminate\\Routing\\Router->dispatchToRoute(Object(Illuminate\\Http\\Request))
#37 /home/ugzambia/public_html/sv.ugzambia.net/vendor/laravel/framework/src/Illuminate/Foundation/Http/Kernel.php(200): Illuminate\\Routing\\Router->dispatch(Object(Illuminate\\Http\\Request))
#38 /home/ugzambia/public_html/sv.ugzambia.net/vendor/laravel/framework/src/Illuminate/Pipeline/Pipeline.php(144): Illuminate\\Foundation\\Http\\Kernel->Illuminate\\Foundation\\Http\\{closure}(Object(Illuminate\\Http\\Request))
#39 /home/ugzambia/public_html/sv.ugzambia.net/vendor/laravel/framework/src/Illuminate/Session/Middleware/StartSession.php(121): Illuminate\\Pipeline\\Pipeline->Illuminate\\Pipeline\\{closure}(Object(Illuminate\\Http\\Request))
#40 /home/ugzambia/public_html/sv.ugzambia.net/vendor/laravel/framework/src/Illuminate/Session/Middleware/StartSession.php(64): Illuminate\\Session\\Middleware\\StartSession->handleStatefulRequest(Object(Illuminate\\Http\\Request), Object(Illuminate\\Session\\Store), Object(Closure))
#41 /home/ugzambia/public_html/sv.ugzambia.net/vendor/laravel/framework/src/Illuminate/Pipeline/Pipeline.php(183): Illuminate\\Session\\Middleware\\StartSession->handle(Object(Illuminate\\Http\\Request), Object(Closure))
#42 /home/ugzambia/public_html/sv.ugzambia.net/vendor/laravel/framework/src/Illuminate/Foundation/Http/Middleware/TransformsRequest.php(21): Illuminate\\Pipeline\\Pipeline->Illuminate\\Pipeline\\{closure}(Object(Illuminate\\Http\\Request))
#43 /home/ugzambia/public_html/sv.ugzambia.net/vendor/laravel/framework/src/Illuminate/Foundation/Http/Middleware/ConvertEmptyStringsToNull.php(31): Illuminate\\Foundation\\Http\\Middleware\\TransformsRequest->handle(Object(Illuminate\\Http\\Request), Object(Closure))
#44 /home/ugzambia/public_html/sv.ugzambia.net/vendor/laravel/framework/src/Illuminate/Pipeline/Pipeline.php(183): Illuminate\\Foundation\\Http\\Middleware\\ConvertEmptyStringsToNull->handle(Object(Illuminate\\Http\\Request), Object(Closure))
#45 /home/ugzambia/public_html/sv.ugzambia.net/vendor/laravel/framework/src/Illuminate/Foundation/Http/Middleware/TransformsRequest.php(21): Illuminate\\Pipeline\\Pipeline->Illuminate\\Pipeline\\{closure}(Object(Illuminate\\Http\\Request))
#46 /home/ugzambia/public_html/sv.ugzambia.net/vendor/laravel/framework/src/Illuminate/Foundation/Http/Middleware/TrimStrings.php(40): Illuminate\\Foundation\\Http\\Middleware\\TransformsRequest->handle(Object(Illuminate\\Http\\Request), Object(Closure))
#47 /home/ugzambia/public_html/sv.ugzambia.net/vendor/laravel/framework/src/Illuminate/Pipeline/Pipeline.php(183): Illuminate\\Foundation\\Http\\Middleware\\TrimStrings->handle(Object(Illuminate\\Http\\Request), Object(Closure))
#48 /home/ugzambia/public_html/sv.ugzambia.net/vendor/laravel/framework/src/Illuminate/Foundation/Http/Middleware/ValidatePostSize.php(27): Illuminate\\Pipeline\\Pipeline->Illuminate\\Pipeline\\{closure}(Object(Illuminate\\Http\\Request))
#49 /home/ugzambia/public_html/sv.ugzambia.net/vendor/laravel/framework/src/Illuminate/Pipeline/Pipeline.php(183): Illuminate\\Foundation\\Http\\Middleware\\ValidatePostSize->handle(Object(Illuminate\\Http\\Request), Object(Closure))
#50 /home/ugzambia/public_html/sv.ugzambia.net/vendor/laravel/framework/src/Illuminate/Foundation/Http/Middleware/PreventRequestsDuringMaintenance.php(99): Illuminate\\Pipeline\\Pipeline->Illuminate\\Pipeline\\{closure}(Object(Illuminate\\Http\\Request))
#51 /home/ugzambia/public_html/sv.ugzambia.net/vendor/laravel/framework/src/Illuminate/Pipeline/Pipeline.php(183): Illuminate\\Foundation\\Http\\Middleware\\PreventRequestsDuringMaintenance->handle(Object(Illuminate\\Http\\Request), Object(Closure))
#52 /home/ugzambia/public_html/sv.ugzambia.net/vendor/laravel/framework/src/Illuminate/Http/Middleware/HandleCors.php(62): Illuminate\\Pipeline\\Pipeline->Illuminate\\Pipeline\\{closure}(Object(Illuminate\\Http\\Request))
#53 /home/ugzambia/public_html/sv.ugzambia.net/vendor/laravel/framework/src/Illuminate/Pipeline/Pipeline.php(183): Illuminate\\Http\\Middleware\\HandleCors->handle(Object(Illuminate\\Http\\Request), Object(Closure))
#54 /home/ugzambia/public_html/sv.ugzambia.net/vendor/laravel/framework/src/Illuminate/Http/Middleware/TrustProxies.php(39): Illuminate\\Pipeline\\Pipeline->Illuminate\\Pipeline\\{closure}(Object(Illuminate\\Http\\Request))
#55 /home/ugzambia/public_html/sv.ugzambia.net/vendor/laravel/framework/src/Illuminate/Pipeline/Pipeline.php(183): Illuminate\\Http\\Middleware\\TrustProxies->handle(Object(Illuminate\\Http\\Request), Object(Closure))
#56 /home/ugzambia/public_html/sv.ugzambia.net/vendor/laravel/framework/src/Illuminate/Pipeline/Pipeline.php(119): Illuminate\\Pipeline\\Pipeline->Illuminate\\Pipeline\\{closure}(Object(Illuminate\\Http\\Request))
#57 /home/ugzambia/public_html/sv.ugzambia.net/vendor/laravel/framework/src/Illuminate/Foundation/Http/Kernel.php(175): Illuminate\\Pipeline\\Pipeline->then(Object(Closure))
#58 /home/ugzambia/public_html/sv.ugzambia.net/vendor/laravel/framework/src/Illuminate/Foundation/Http/Kernel.php(144): Illuminate\\Foundation\\Http\\Kernel->sendRequestThroughRouter(Object(Illuminate\\Http\\Request))
#59 /home/ugzambia/public_html/sv.ugzambia.net/public/index.php(51): Illuminate\\Foundation\\Http\\Kernel->handle(Object(Illuminate\\Http\\Request))
#60 {main}
"} 
[2024-10-02 02:18:45] production.ERROR: SQLSTATE[42S22]: Column not found: 1054 Unknown column 'users.userWarehouses' in 'field list' (Connection: mysql, SQL: select `users`.`id`, `users`.`user_type`, `users`.`name`, `users`.`email`, `users`.`profile_image`, `users`.`is_walkin_customer`, `users`.`phone`, `users`.`address`, `users`.`shipping_address`, `users`.`status`, `users`.`tax_number`, `users`.`created_at`, `users`.`role_id`, `users`.`warehouse_id`, `users`.`userWarehouses` from `users` inner join `user_details` on `user_details`.`user_id` = `users`.`id` where `user_details`.`due_amount` >= 0 and `user_details`.`warehouse_id` = 1 and `users`.`company_id` = 1 and `users`.`user_type` = customers order by `id` desc limit 10 offset 0) {"exception":"[object] (Illuminate\\Database\\QueryException(code: 42S22): SQLSTATE[42S22]: Column not found: 1054 Unknown column 'users.userWarehouses' in 'field list' (Connection: mysql, SQL: select `users`.`id`, `users`.`user_type`, `users`.`name`, `users`.`email`, `users`.`profile_image`, `users`.`is_walkin_customer`, `users`.`phone`, `users`.`address`, `users`.`shipping_address`, `users`.`status`, `users`.`tax_number`, `users`.`created_at`, `users`.`role_id`, `users`.`warehouse_id`, `users`.`userWarehouses` from `users` inner join `user_details` on `user_details`.`user_id` = `users`.`id` where `user_details`.`due_amount` >= 0 and `user_details`.`warehouse_id` = 1 and `users`.`company_id` = 1 and `users`.`user_type` = customers order by `id` desc limit 10 offset 0) at /home/ugzambia/public_html/sv.ugzambia.net/vendor/laravel/framework/src/Illuminate/Database/Connection.php:822)
[stacktrace]
#0 /home/ugzambia/public_html/sv.ugzambia.net/vendor/laravel/framework/src/Illuminate/Database/Connection.php(776): Illuminate\\Database\\Connection->runQueryCallback('select `users`....', Array, Object(Closure))
#1 /home/ugzambia/public_html/sv.ugzambia.net/vendor/laravel/framework/src/Illuminate/Database/Connection.php(407): Illuminate\\Database\\Connection->run('select `users`....', Array, Object(Closure))
#2 /home/ugzambia/public_html/sv.ugzambia.net/vendor/laravel/framework/src/Illuminate/Database/Query/Builder.php(2751): Illuminate\\Database\\Connection->select('select `users`....', Array, true)
#3 /home/ugzambia/public_html/sv.ugzambia.net/vendor/laravel/framework/src/Illuminate/Database/Query/Builder.php(2740): Illuminate\\Database\\Query\\Builder->runSelect()
#4 /home/ugzambia/public_html/sv.ugzambia.net/vendor/laravel/framework/src/Illuminate/Database/Query/Builder.php(3294): Illuminate\\Database\\Query\\Builder->Illuminate\\Database\\Query\\{closure}()
#5 /home/ugzambia/public_html/sv.ugzambia.net/vendor/laravel/framework/src/Illuminate/Database/Query/Builder.php(2739): Illuminate\\Database\\Query\\Builder->onceWithColumns(Array, Object(Closure))
#6 /home/ugzambia/public_html/sv.ugzambia.net/vendor/laravel/framework/src/Illuminate/Database/Eloquent/Builder.php(737): Illuminate\\Database\\Query\\Builder->get(Array)
#7 /home/ugzambia/public_html/sv.ugzambia.net/vendor/laravel/framework/src/Illuminate/Database/Eloquent/Builder.php(721): Illuminate\\Database\\Eloquent\\Builder->getModels(Array)
#8 /home/ugzambia/public_html/sv.ugzambia.net/vendor/examyou/rest-api/src/ApiController.php(585): Illuminate\\Database\\Eloquent\\Builder->get()
#9 /home/ugzambia/public_html/sv.ugzambia.net/vendor/examyou/rest-api/src/ApiController.php(162): Examyou\\RestAPI\\ApiController->getResults()
#10 /home/ugzambia/public_html/sv.ugzambia.net/vendor/laravel/framework/src/Illuminate/Routing/Controller.php(54): Examyou\\RestAPI\\ApiController->index()
#11 /home/ugzambia/public_html/sv.ugzambia.net/vendor/laravel/framework/src/Illuminate/Routing/ControllerDispatcher.php(43): Illuminate\\Routing\\Controller->callAction('index', Array)
#12 /home/ugzambia/public_html/sv.ugzambia.net/vendor/laravel/framework/src/Illuminate/Routing/Route.php(259): Illuminate\\Routing\\ControllerDispatcher->dispatch(Object(Illuminate\\Routing\\Route), Object(App\\Http\\Controllers\\Api\\CustomersController), 'index')
#13 /home/ugzambia/public_html/sv.ugzambia.net/vendor/laravel/framework/src/Illuminate/Routing/Route.php(205): Illuminate\\Routing\\Route->runController()
#14 /home/ugzambia/public_html/sv.ugzambia.net/vendor/laravel/framework/src/Illuminate/Routing/Router.php(806): Illuminate\\Routing\\Route->run()
#15 /home/ugzambia/public_html/sv.ugzambia.net/vendor/laravel/framework/src/Illuminate/Pipeline/Pipeline.php(144): Illuminate\\Routing\\Router->Illuminate\\Routing\\{closure}(Object(Illuminate\\Http\\Request))
#16 /home/ugzambia/public_html/sv.ugzambia.net/app/Http/Controllers/ApiBaseController.php(29): Illuminate\\Pipeline\\Pipeline->Illuminate\\Pipeline\\{closure}(Object(Illuminate\\Http\\Request))
#17 /home/ugzambia/public_html/sv.ugzambia.net/vendor/laravel/framework/src/Illuminate/Pipeline/Pipeline.php(165): App\\Http\\Controllers\\ApiBaseController->App\\Http\\Controllers\\{closure}(Object(Illuminate\\Http\\Request), Object(Closure))
#18 /home/ugzambia/public_html/sv.ugzambia.net/vendor/examyou/rest-api/src/Middleware/ApiMiddleware.php(17): Illuminate\\Pipeline\\Pipeline->Illuminate\\Pipeline\\{closure}(Object(Illuminate\\Http\\Request))
#19 /home/ugzambia/public_html/sv.ugzambia.net/vendor/laravel/framework/src/Illuminate/Pipeline/Pipeline.php(183): Examyou\\RestAPI\\Middleware\\ApiMiddleware->handle(Object(Illuminate\\Http\\Request), Object(Closure))
#20 /home/ugzambia/public_html/sv.ugzambia.net/app/Http/Middleware/LicenseExpireDateWise.php(34): Illuminate\\Pipeline\\Pipeline->Illuminate\\Pipeline\\{closure}(Object(Illuminate\\Http\\Request))
#21 /home/ugzambia/public_html/sv.ugzambia.net/vendor/laravel/framework/src/Illuminate/Pipeline/Pipeline.php(183): App\\Http\\Middleware\\LicenseExpireDateWise->handle(Object(Illuminate\\Http\\Request), Object(Closure))
#22 /home/ugzambia/public_html/sv.ugzambia.net/app/Http/Middleware/ApiAuthMiddleware.php(25): Illuminate\\Pipeline\\Pipeline->Illuminate\\Pipeline\\{closure}(Object(Illuminate\\Http\\Request))
#23 /home/ugzambia/public_html/sv.ugzambia.net/vendor/laravel/framework/src/Illuminate/Pipeline/Pipeline.php(183): App\\Http\\Middleware\\ApiAuthMiddleware->handle(Object(Illuminate\\Http\\Request), Object(Closure))
#24 /home/ugzambia/public_html/sv.ugzambia.net/app/Http/Middleware/CheckPermission.php(72): Illuminate\\Pipeline\\Pipeline->Illuminate\\Pipeline\\{closure}(Object(Illuminate\\Http\\Request))
#25 /home/ugzambia/public_html/sv.ugzambia.net/vendor/laravel/framework/src/Illuminate/Pipeline/Pipeline.php(183): App\\Http\\Middleware\\CheckPermission->handle(Object(Illuminate\\Http\\Request), Object(Closure))
#26 /home/ugzambia/public_html/sv.ugzambia.net/vendor/laravel/framework/src/Illuminate/Pipeline/Pipeline.php(119): Illuminate\\Pipeline\\Pipeline->Illuminate\\Pipeline\\{closure}(Object(Illuminate\\Http\\Request))
#27 /home/ugzambia/public_html/sv.ugzambia.net/vendor/laravel/framework/src/Illuminate/Routing/Router.php(805): Illuminate\\Pipeline\\Pipeline->then(Object(Closure))
#28 /home/ugzambia/public_html/sv.ugzambia.net/vendor/laravel/framework/src/Illuminate/Routing/Router.php(784): Illuminate\\Routing\\Router->runRouteWithinStack(Object(Illuminate\\Routing\\Route), Object(Illuminate\\Http\\Request))
#29 /home/ugzambia/public_html/sv.ugzambia.net/vendor/laravel/framework/src/Illuminate/Routing/Router.php(748): Illuminate\\Routing\\Router->runRoute(Object(Illuminate\\Http\\Request), Object(Illuminate\\Routing\\Route))
#30 /home/ugzambia/public_html/sv.ugzambia.net/vendor/laravel/framework/src/Illuminate/Routing/Router.php(737): Illuminate\\Routing\\Router->dispatchToRoute(Object(Illuminate\\Http\\Request))
#31 /home/ugzambia/public_html/sv.ugzambia.net/vendor/laravel/framework/src/Illuminate/Foundation/Http/Kernel.php(200): Illuminate\\Routing\\Router->dispatch(Object(Illuminate\\Http\\Request))
#32 /home/ugzambia/public_html/sv.ugzambia.net/vendor/laravel/framework/src/Illuminate/Pipeline/Pipeline.php(144): Illuminate\\Foundation\\Http\\Kernel->Illuminate\\Foundation\\Http\\{closure}(Object(Illuminate\\Http\\Request))
#33 /home/ugzambia/public_html/sv.ugzambia.net/vendor/laravel/framework/src/Illuminate/Session/Middleware/StartSession.php(121): Illuminate\\Pipeline\\Pipeline->Illuminate\\Pipeline\\{closure}(Object(Illuminate\\Http\\Request))
#34 /home/ugzambia/public_html/sv.ugzambia.net/vendor/laravel/framework/src/Illuminate/Session/Middleware/StartSession.php(64): Illuminate\\Session\\Middleware\\StartSession->handleStatefulRequest(Object(Illuminate\\Http\\Request), Object(Illuminate\\Session\\Store), Object(Closure))
#35 /home/ugzambia/public_html/sv.ugzambia.net/vendor/laravel/framework/src/Illuminate/Pipeline/Pipeline.php(183): Illuminate\\Session\\Middleware\\StartSession->handle(Object(Illuminate\\Http\\Request), Object(Closure))
#36 /home/ugzambia/public_html/sv.ugzambia.net/vendor/laravel/framework/src/Illuminate/Foundation/Http/Middleware/TransformsRequest.php(21): Illuminate\\Pipeline\\Pipeline->Illuminate\\Pipeline\\{closure}(Object(Illuminate\\Http\\Request))
#37 /home/ugzambia/public_html/sv.ugzambia.net/vendor/laravel/framework/src/Illuminate/Foundation/Http/Middleware/ConvertEmptyStringsToNull.php(31): Illuminate\\Foundation\\Http\\Middleware\\TransformsRequest->handle(Object(Illuminate\\Http\\Request), Object(Closure))
#38 /home/ugzambia/public_html/sv.ugzambia.net/vendor/laravel/framework/src/Illuminate/Pipeline/Pipeline.php(183): Illuminate\\Foundation\\Http\\Middleware\\ConvertEmptyStringsToNull->handle(Object(Illuminate\\Http\\Request), Object(Closure))
#39 /home/ugzambia/public_html/sv.ugzambia.net/vendor/laravel/framework/src/Illuminate/Foundation/Http/Middleware/TransformsRequest.php(21): Illuminate\\Pipeline\\Pipeline->Illuminate\\Pipeline\\{closure}(Object(Illuminate\\Http\\Request))
#40 /home/ugzambia/public_html/sv.ugzambia.net/vendor/laravel/framework/src/Illuminate/Foundation/Http/Middleware/TrimStrings.php(40): Illuminate\\Foundation\\Http\\Middleware\\TransformsRequest->handle(Object(Illuminate\\Http\\Request), Object(Closure))
#41 /home/ugzambia/public_html/sv.ugzambia.net/vendor/laravel/framework/src/Illuminate/Pipeline/Pipeline.php(183): Illuminate\\Foundation\\Http\\Middleware\\TrimStrings->handle(Object(Illuminate\\Http\\Request), Object(Closure))
#42 /home/ugzambia/public_html/sv.ugzambia.net/vendor/laravel/framework/src/Illuminate/Foundation/Http/Middleware/ValidatePostSize.php(27): Illuminate\\Pipeline\\Pipeline->Illuminate\\Pipeline\\{closure}(Object(Illuminate\\Http\\Request))
#43 /home/ugzambia/public_html/sv.ugzambia.net/vendor/laravel/framework/src/Illuminate/Pipeline/Pipeline.php(183): Illuminate\\Foundation\\Http\\Middleware\\ValidatePostSize->handle(Object(Illuminate\\Http\\Request), Object(Closure))
#44 /home/ugzambia/public_html/sv.ugzambia.net/vendor/laravel/framework/src/Illuminate/Foundation/Http/Middleware/PreventRequestsDuringMaintenance.php(99): Illuminate\\Pipeline\\Pipeline->Illuminate\\Pipeline\\{closure}(Object(Illuminate\\Http\\Request))
#45 /home/ugzambia/public_html/sv.ugzambia.net/vendor/laravel/framework/src/Illuminate/Pipeline/Pipeline.php(183): Illuminate\\Foundation\\Http\\Middleware\\PreventRequestsDuringMaintenance->handle(Object(Illuminate\\Http\\Request), Object(Closure))
#46 /home/ugzambia/public_html/sv.ugzambia.net/vendor/laravel/framework/src/Illuminate/Http/Middleware/HandleCors.php(62): Illuminate\\Pipeline\\Pipeline->Illuminate\\Pipeline\\{closure}(Object(Illuminate\\Http\\Request))
#47 /home/ugzambia/public_html/sv.ugzambia.net/vendor/laravel/framework/src/Illuminate/Pipeline/Pipeline.php(183): Illuminate\\Http\\Middleware\\HandleCors->handle(Object(Illuminate\\Http\\Request), Object(Closure))
#48 /home/ugzambia/public_html/sv.ugzambia.net/vendor/laravel/framework/src/Illuminate/Http/Middleware/TrustProxies.php(39): Illuminate\\Pipeline\\Pipeline->Illuminate\\Pipeline\\{closure}(Object(Illuminate\\Http\\Request))
#49 /home/ugzambia/public_html/sv.ugzambia.net/vendor/laravel/framework/src/Illuminate/Pipeline/Pipeline.php(183): Illuminate\\Http\\Middleware\\TrustProxies->handle(Object(Illuminate\\Http\\Request), Object(Closure))
#50 /home/ugzambia/public_html/sv.ugzambia.net/vendor/laravel/framework/src/Illuminate/Pipeline/Pipeline.php(119): Illuminate\\Pipeline\\Pipeline->Illuminate\\Pipeline\\{closure}(Object(Illuminate\\Http\\Request))
#51 /home/ugzambia/public_html/sv.ugzambia.net/vendor/laravel/framework/src/Illuminate/Foundation/Http/Kernel.php(175): Illuminate\\Pipeline\\Pipeline->then(Object(Closure))
#52 /home/ugzambia/public_html/sv.ugzambia.net/vendor/laravel/framework/src/Illuminate/Foundation/Http/Kernel.php(144): Illuminate\\Foundation\\Http\\Kernel->sendRequestThroughRouter(Object(Illuminate\\Http\\Request))
#53 /home/ugzambia/public_html/sv.ugzambia.net/public/index.php(51): Illuminate\\Foundation\\Http\\Kernel->handle(Object(Illuminate\\Http\\Request))
#54 {main}

[previous exception] [object] (PDOException(code: 42S22): SQLSTATE[42S22]: Column not found: 1054 Unknown column 'users.userWarehouses' in 'field list' at /home/ugzambia/public_html/sv.ugzambia.net/vendor/laravel/framework/src/Illuminate/Database/Connection.php:421)
[stacktrace]
#0 /home/ugzambia/public_html/sv.ugzambia.net/vendor/laravel/framework/src/Illuminate/Database/Connection.php(421): PDOStatement->execute()
#1 /home/ugzambia/public_html/sv.ugzambia.net/vendor/laravel/framework/src/Illuminate/Database/Connection.php(809): Illuminate\\Database\\Connection->Illuminate\\Database\\{closure}('select `users`....', Array)
#2 /home/ugzambia/public_html/sv.ugzambia.net/vendor/laravel/framework/src/Illuminate/Database/Connection.php(776): Illuminate\\Database\\Connection->runQueryCallback('select `users`....', Array, Object(Closure))
#3 /home/ugzambia/public_html/sv.ugzambia.net/vendor/laravel/framework/src/Illuminate/Database/Connection.php(407): Illuminate\\Database\\Connection->run('select `users`....', Array, Object(Closure))
#4 /home/ugzambia/public_html/sv.ugzambia.net/vendor/laravel/framework/src/Illuminate/Database/Query/Builder.php(2751): Illuminate\\Database\\Connection->select('select `users`....', Array, true)
#5 /home/ugzambia/public_html/sv.ugzambia.net/vendor/laravel/framework/src/Illuminate/Database/Query/Builder.php(2740): Illuminate\\Database\\Query\\Builder->runSelect()
#6 /home/ugzambia/public_html/sv.ugzambia.net/vendor/laravel/framework/src/Illuminate/Database/Query/Builder.php(3294): Illuminate\\Database\\Query\\Builder->Illuminate\\Database\\Query\\{closure}()
#7 /home/ugzambia/public_html/sv.ugzambia.net/vendor/laravel/framework/src/Illuminate/Database/Query/Builder.php(2739): Illuminate\\Database\\Query\\Builder->onceWithColumns(Array, Object(Closure))
#8 /home/ugzambia/public_html/sv.ugzambia.net/vendor/laravel/framework/src/Illuminate/Database/Eloquent/Builder.php(737): Illuminate\\Database\\Query\\Builder->get(Array)
#9 /home/ugzambia/public_html/sv.ugzambia.net/vendor/laravel/framework/src/Illuminate/Database/Eloquent/Builder.php(721): Illuminate\\Database\\Eloquent\\Builder->getModels(Array)
#10 /home/ugzambia/public_html/sv.ugzambia.net/vendor/examyou/rest-api/src/ApiController.php(585): Illuminate\\Database\\Eloquent\\Builder->get()
#11 /home/ugzambia/public_html/sv.ugzambia.net/vendor/examyou/rest-api/src/ApiController.php(162): Examyou\\RestAPI\\ApiController->getResults()
#12 /home/ugzambia/public_html/sv.ugzambia.net/vendor/laravel/framework/src/Illuminate/Routing/Controller.php(54): Examyou\\RestAPI\\ApiController->index()
#13 /home/ugzambia/public_html/sv.ugzambia.net/vendor/laravel/framework/src/Illuminate/Routing/ControllerDispatcher.php(43): Illuminate\\Routing\\Controller->callAction('index', Array)
#14 /home/ugzambia/public_html/sv.ugzambia.net/vendor/laravel/framework/src/Illuminate/Routing/Route.php(259): Illuminate\\Routing\\ControllerDispatcher->dispatch(Object(Illuminate\\Routing\\Route), Object(App\\Http\\Controllers\\Api\\CustomersController), 'index')
#15 /home/ugzambia/public_html/sv.ugzambia.net/vendor/laravel/framework/src/Illuminate/Routing/Route.php(205): Illuminate\\Routing\\Route->runController()
#16 /home/ugzambia/public_html/sv.ugzambia.net/vendor/laravel/framework/src/Illuminate/Routing/Router.php(806): Illuminate\\Routing\\Route->run()
#17 /home/ugzambia/public_html/sv.ugzambia.net/vendor/laravel/framework/src/Illuminate/Pipeline/Pipeline.php(144): Illuminate\\Routing\\Router->Illuminate\\Routing\\{closure}(Object(Illuminate\\Http\\Request))
#18 /home/ugzambia/public_html/sv.ugzambia.net/app/Http/Controllers/ApiBaseController.php(29): Illuminate\\Pipeline\\Pipeline->Illuminate\\Pipeline\\{closure}(Object(Illuminate\\Http\\Request))
#19 /home/ugzambia/public_html/sv.ugzambia.net/vendor/laravel/framework/src/Illuminate/Pipeline/Pipeline.php(165): App\\Http\\Controllers\\ApiBaseController->App\\Http\\Controllers\\{closure}(Object(Illuminate\\Http\\Request), Object(Closure))
#20 /home/ugzambia/public_html/sv.ugzambia.net/vendor/examyou/rest-api/src/Middleware/ApiMiddleware.php(17): Illuminate\\Pipeline\\Pipeline->Illuminate\\Pipeline\\{closure}(Object(Illuminate\\Http\\Request))
#21 /home/ugzambia/public_html/sv.ugzambia.net/vendor/laravel/framework/src/Illuminate/Pipeline/Pipeline.php(183): Examyou\\RestAPI\\Middleware\\ApiMiddleware->handle(Object(Illuminate\\Http\\Request), Object(Closure))
#22 /home/ugzambia/public_html/sv.ugzambia.net/app/Http/Middleware/LicenseExpireDateWise.php(34): Illuminate\\Pipeline\\Pipeline->Illuminate\\Pipeline\\{closure}(Object(Illuminate\\Http\\Request))
#23 /home/ugzambia/public_html/sv.ugzambia.net/vendor/laravel/framework/src/Illuminate/Pipeline/Pipeline.php(183): App\\Http\\Middleware\\LicenseExpireDateWise->handle(Object(Illuminate\\Http\\Request), Object(Closure))
#24 /home/ugzambia/public_html/sv.ugzambia.net/app/Http/Middleware/ApiAuthMiddleware.php(25): Illuminate\\Pipeline\\Pipeline->Illuminate\\Pipeline\\{closure}(Object(Illuminate\\Http\\Request))
#25 /home/ugzambia/public_html/sv.ugzambia.net/vendor/laravel/framework/src/Illuminate/Pipeline/Pipeline.php(183): App\\Http\\Middleware\\ApiAuthMiddleware->handle(Object(Illuminate\\Http\\Request), Object(Closure))
#26 /home/ugzambia/public_html/sv.ugzambia.net/app/Http/Middleware/CheckPermission.php(72): Illuminate\\Pipeline\\Pipeline->Illuminate\\Pipeline\\{closure}(Object(Illuminate\\Http\\Request))
#27 /home/ugzambia/public_html/sv.ugzambia.net/vendor/laravel/framework/src/Illuminate/Pipeline/Pipeline.php(183): App\\Http\\Middleware\\CheckPermission->handle(Object(Illuminate\\Http\\Request), Object(Closure))
#28 /home/ugzambia/public_html/sv.ugzambia.net/vendor/laravel/framework/src/Illuminate/Pipeline/Pipeline.php(119): Illuminate\\Pipeline\\Pipeline->Illuminate\\Pipeline\\{closure}(Object(Illuminate\\Http\\Request))
#29 /home/ugzambia/public_html/sv.ugzambia.net/vendor/laravel/framework/src/Illuminate/Routing/Router.php(805): Illuminate\\Pipeline\\Pipeline->then(Object(Closure))
#30 /home/ugzambia/public_html/sv.ugzambia.net/vendor/laravel/framework/src/Illuminate/Routing/Router.php(784): Illuminate\\Routing\\Router->runRouteWithinStack(Object(Illuminate\\Routing\\Route), Object(Illuminate\\Http\\Request))
#31 /home/ugzambia/public_html/sv.ugzambia.net/vendor/laravel/framework/src/Illuminate/Routing/Router.php(748): Illuminate\\Routing\\Router->runRoute(Object(Illuminate\\Http\\Request), Object(Illuminate\\Routing\\Route))
#32 /home/ugzambia/public_html/sv.ugzambia.net/vendor/laravel/framework/src/Illuminate/Routing/Router.php(737): Illuminate\\Routing\\Router->dispatchToRoute(Object(Illuminate\\Http\\Request))
#33 /home/ugzambia/public_html/sv.ugzambia.net/vendor/laravel/framework/src/Illuminate/Foundation/Http/Kernel.php(200): Illuminate\\Routing\\Router->dispatch(Object(Illuminate\\Http\\Request))
#34 /home/ugzambia/public_html/sv.ugzambia.net/vendor/laravel/framework/src/Illuminate/Pipeline/Pipeline.php(144): Illuminate\\Foundation\\Http\\Kernel->Illuminate\\Foundation\\Http\\{closure}(Object(Illuminate\\Http\\Request))
#35 /home/ugzambia/public_html/sv.ugzambia.net/vendor/laravel/framework/src/Illuminate/Session/Middleware/StartSession.php(121): Illuminate\\Pipeline\\Pipeline->Illuminate\\Pipeline\\{closure}(Object(Illuminate\\Http\\Request))
#36 /home/ugzambia/public_html/sv.ugzambia.net/vendor/laravel/framework/src/Illuminate/Session/Middleware/StartSession.php(64): Illuminate\\Session\\Middleware\\StartSession->handleStatefulRequest(Object(Illuminate\\Http\\Request), Object(Illuminate\\Session\\Store), Object(Closure))
#37 /home/ugzambia/public_html/sv.ugzambia.net/vendor/laravel/framework/src/Illuminate/Pipeline/Pipeline.php(183): Illuminate\\Session\\Middleware\\StartSession->handle(Object(Illuminate\\Http\\Request), Object(Closure))
#38 /home/ugzambia/public_html/sv.ugzambia.net/vendor/laravel/framework/src/Illuminate/Foundation/Http/Middleware/TransformsRequest.php(21): Illuminate\\Pipeline\\Pipeline->Illuminate\\Pipeline\\{closure}(Object(Illuminate\\Http\\Request))
#39 /home/ugzambia/public_html/sv.ugzambia.net/vendor/laravel/framework/src/Illuminate/Foundation/Http/Middleware/ConvertEmptyStringsToNull.php(31): Illuminate\\Foundation\\Http\\Middleware\\TransformsRequest->handle(Object(Illuminate\\Http\\Request), Object(Closure))
#40 /home/ugzambia/public_html/sv.ugzambia.net/vendor/laravel/framework/src/Illuminate/Pipeline/Pipeline.php(183): Illuminate\\Foundation\\Http\\Middleware\\ConvertEmptyStringsToNull->handle(Object(Illuminate\\Http\\Request), Object(Closure))
#41 /home/ugzambia/public_html/sv.ugzambia.net/vendor/laravel/framework/src/Illuminate/Foundation/Http/Middleware/TransformsRequest.php(21): Illuminate\\Pipeline\\Pipeline->Illuminate\\Pipeline\\{closure}(Object(Illuminate\\Http\\Request))
#42 /home/ugzambia/public_html/sv.ugzambia.net/vendor/laravel/framework/src/Illuminate/Foundation/Http/Middleware/TrimStrings.php(40): Illuminate\\Foundation\\Http\\Middleware\\TransformsRequest->handle(Object(Illuminate\\Http\\Request), Object(Closure))
#43 /home/ugzambia/public_html/sv.ugzambia.net/vendor/laravel/framework/src/Illuminate/Pipeline/Pipeline.php(183): Illuminate\\Foundation\\Http\\Middleware\\TrimStrings->handle(Object(Illuminate\\Http\\Request), Object(Closure))
#44 /home/ugzambia/public_html/sv.ugzambia.net/vendor/laravel/framework/src/Illuminate/Foundation/Http/Middleware/ValidatePostSize.php(27): Illuminate\\Pipeline\\Pipeline->Illuminate\\Pipeline\\{closure}(Object(Illuminate\\Http\\Request))
#45 /home/ugzambia/public_html/sv.ugzambia.net/vendor/laravel/framework/src/Illuminate/Pipeline/Pipeline.php(183): Illuminate\\Foundation\\Http\\Middleware\\ValidatePostSize->handle(Object(Illuminate\\Http\\Request), Object(Closure))
#46 /home/ugzambia/public_html/sv.ugzambia.net/vendor/laravel/framework/src/Illuminate/Foundation/Http/Middleware/PreventRequestsDuringMaintenance.php(99): Illuminate\\Pipeline\\Pipeline->Illuminate\\Pipeline\\{closure}(Object(Illuminate\\Http\\Request))
#47 /home/ugzambia/public_html/sv.ugzambia.net/vendor/laravel/framework/src/Illuminate/Pipeline/Pipeline.php(183): Illuminate\\Foundation\\Http\\Middleware\\PreventRequestsDuringMaintenance->handle(Object(Illuminate\\Http\\Request), Object(Closure))
#48 /home/ugzambia/public_html/sv.ugzambia.net/vendor/laravel/framework/src/Illuminate/Http/Middleware/HandleCors.php(62): Illuminate\\Pipeline\\Pipeline->Illuminate\\Pipeline\\{closure}(Object(Illuminate\\Http\\Request))
#49 /home/ugzambia/public_html/sv.ugzambia.net/vendor/laravel/framework/src/Illuminate/Pipeline/Pipeline.php(183): Illuminate\\Http\\Middleware\\HandleCors->handle(Object(Illuminate\\Http\\Request), Object(Closure))
#50 /home/ugzambia/public_html/sv.ugzambia.net/vendor/laravel/framework/src/Illuminate/Http/Middleware/TrustProxies.php(39): Illuminate\\Pipeline\\Pipeline->Illuminate\\Pipeline\\{closure}(Object(Illuminate\\Http\\Request))
#51 /home/ugzambia/public_html/sv.ugzambia.net/vendor/laravel/framework/src/Illuminate/Pipeline/Pipeline.php(183): Illuminate\\Http\\Middleware\\TrustProxies->handle(Object(Illuminate\\Http\\Request), Object(Closure))
#52 /home/ugzambia/public_html/sv.ugzambia.net/vendor/laravel/framework/src/Illuminate/Pipeline/Pipeline.php(119): Illuminate\\Pipeline\\Pipeline->Illuminate\\Pipeline\\{closure}(Object(Illuminate\\Http\\Request))
#53 /home/ugzambia/public_html/sv.ugzambia.net/vendor/laravel/framework/src/Illuminate/Foundation/Http/Kernel.php(175): Illuminate\\Pipeline\\Pipeline->then(Object(Closure))
#54 /home/ugzambia/public_html/sv.ugzambia.net/vendor/laravel/framework/src/Illuminate/Foundation/Http/Kernel.php(144): Illuminate\\Foundation\\Http\\Kernel->sendRequestThroughRouter(Object(Illuminate\\Http\\Request))
#55 /home/ugzambia/public_html/sv.ugzambia.net/public/index.php(51): Illuminate\\Foundation\\Http\\Kernel->handle(Object(Illuminate\\Http\\Request))
#56 {main}
"} 
[2024-10-02 08:04:20] production.ERROR: UNAUTHORIZED EXCEPTION {"exception":"[object] (Examyou\\RestAPI\\Exceptions\\ApiException(code: 401): UNAUTHORIZED EXCEPTION at /home/ugzambia/public_html/sv.ugzambia.net/app/Http/Middleware/ApiAuthMiddleware.php:22)
[stacktrace]
#0 /home/ugzambia/public_html/sv.ugzambia.net/vendor/laravel/framework/src/Illuminate/Pipeline/Pipeline.php(183): App\\Http\\Middleware\\ApiAuthMiddleware->handle(Object(Illuminate\\Http\\Request), Object(Closure))
#1 /home/ugzambia/public_html/sv.ugzambia.net/vendor/laravel/framework/src/Illuminate/Pipeline/Pipeline.php(119): Illuminate\\Pipeline\\Pipeline->Illuminate\\Pipeline\\{closure}(Object(Illuminate\\Http\\Request))
#2 /home/ugzambia/public_html/sv.ugzambia.net/vendor/laravel/framework/src/Illuminate/Routing/Router.php(805): Illuminate\\Pipeline\\Pipeline->then(Object(Closure))
#3 /home/ugzambia/public_html/sv.ugzambia.net/vendor/laravel/framework/src/Illuminate/Routing/Router.php(784): Illuminate\\Routing\\Router->runRouteWithinStack(Object(Illuminate\\Routing\\Route), Object(Illuminate\\Http\\Request))
#4 /home/ugzambia/public_html/sv.ugzambia.net/vendor/laravel/framework/src/Illuminate/Routing/Router.php(748): Illuminate\\Routing\\Router->runRoute(Object(Illuminate\\Http\\Request), Object(Illuminate\\Routing\\Route))
#5 /home/ugzambia/public_html/sv.ugzambia.net/vendor/laravel/framework/src/Illuminate/Routing/Router.php(737): Illuminate\\Routing\\Router->dispatchToRoute(Object(Illuminate\\Http\\Request))
#6 /home/ugzambia/public_html/sv.ugzambia.net/vendor/laravel/framework/src/Illuminate/Foundation/Http/Kernel.php(200): Illuminate\\Routing\\Router->dispatch(Object(Illuminate\\Http\\Request))
#7 /home/ugzambia/public_html/sv.ugzambia.net/vendor/laravel/framework/src/Illuminate/Pipeline/Pipeline.php(144): Illuminate\\Foundation\\Http\\Kernel->Illuminate\\Foundation\\Http\\{closure}(Object(Illuminate\\Http\\Request))
#8 /home/ugzambia/public_html/sv.ugzambia.net/vendor/laravel/framework/src/Illuminate/Session/Middleware/StartSession.php(121): Illuminate\\Pipeline\\Pipeline->Illuminate\\Pipeline\\{closure}(Object(Illuminate\\Http\\Request))
#9 /home/ugzambia/public_html/sv.ugzambia.net/vendor/laravel/framework/src/Illuminate/Session/Middleware/StartSession.php(64): Illuminate\\Session\\Middleware\\StartSession->handleStatefulRequest(Object(Illuminate\\Http\\Request), Object(Illuminate\\Session\\Store), Object(Closure))
#10 /home/ugzambia/public_html/sv.ugzambia.net/vendor/laravel/framework/src/Illuminate/Pipeline/Pipeline.php(183): Illuminate\\Session\\Middleware\\StartSession->handle(Object(Illuminate\\Http\\Request), Object(Closure))
#11 /home/ugzambia/public_html/sv.ugzambia.net/vendor/laravel/framework/src/Illuminate/Foundation/Http/Middleware/TransformsRequest.php(21): Illuminate\\Pipeline\\Pipeline->Illuminate\\Pipeline\\{closure}(Object(Illuminate\\Http\\Request))
#12 /home/ugzambia/public_html/sv.ugzambia.net/vendor/laravel/framework/src/Illuminate/Foundation/Http/Middleware/ConvertEmptyStringsToNull.php(31): Illuminate\\Foundation\\Http\\Middleware\\TransformsRequest->handle(Object(Illuminate\\Http\\Request), Object(Closure))
#13 /home/ugzambia/public_html/sv.ugzambia.net/vendor/laravel/framework/src/Illuminate/Pipeline/Pipeline.php(183): Illuminate\\Foundation\\Http\\Middleware\\ConvertEmptyStringsToNull->handle(Object(Illuminate\\Http\\Request), Object(Closure))
#14 /home/ugzambia/public_html/sv.ugzambia.net/vendor/laravel/framework/src/Illuminate/Foundation/Http/Middleware/TransformsRequest.php(21): Illuminate\\Pipeline\\Pipeline->Illuminate\\Pipeline\\{closure}(Object(Illuminate\\Http\\Request))
#15 /home/ugzambia/public_html/sv.ugzambia.net/vendor/laravel/framework/src/Illuminate/Foundation/Http/Middleware/TrimStrings.php(40): Illuminate\\Foundation\\Http\\Middleware\\TransformsRequest->handle(Object(Illuminate\\Http\\Request), Object(Closure))
#16 /home/ugzambia/public_html/sv.ugzambia.net/vendor/laravel/framework/src/Illuminate/Pipeline/Pipeline.php(183): Illuminate\\Foundation\\Http\\Middleware\\TrimStrings->handle(Object(Illuminate\\Http\\Request), Object(Closure))
#17 /home/ugzambia/public_html/sv.ugzambia.net/vendor/laravel/framework/src/Illuminate/Foundation/Http/Middleware/ValidatePostSize.php(27): Illuminate\\Pipeline\\Pipeline->Illuminate\\Pipeline\\{closure}(Object(Illuminate\\Http\\Request))
#18 /home/ugzambia/public_html/sv.ugzambia.net/vendor/laravel/framework/src/Illuminate/Pipeline/Pipeline.php(183): Illuminate\\Foundation\\Http\\Middleware\\ValidatePostSize->handle(Object(Illuminate\\Http\\Request), Object(Closure))
#19 /home/ugzambia/public_html/sv.ugzambia.net/vendor/laravel/framework/src/Illuminate/Foundation/Http/Middleware/PreventRequestsDuringMaintenance.php(99): Illuminate\\Pipeline\\Pipeline->Illuminate\\Pipeline\\{closure}(Object(Illuminate\\Http\\Request))
#20 /home/ugzambia/public_html/sv.ugzambia.net/vendor/laravel/framework/src/Illuminate/Pipeline/Pipeline.php(183): Illuminate\\Foundation\\Http\\Middleware\\PreventRequestsDuringMaintenance->handle(Object(Illuminate\\Http\\Request), Object(Closure))
#21 /home/ugzambia/public_html/sv.ugzambia.net/vendor/laravel/framework/src/Illuminate/Http/Middleware/HandleCors.php(62): Illuminate\\Pipeline\\Pipeline->Illuminate\\Pipeline\\{closure}(Object(Illuminate\\Http\\Request))
#22 /home/ugzambia/public_html/sv.ugzambia.net/vendor/laravel/framework/src/Illuminate/Pipeline/Pipeline.php(183): Illuminate\\Http\\Middleware\\HandleCors->handle(Object(Illuminate\\Http\\Request), Object(Closure))
#23 /home/ugzambia/public_html/sv.ugzambia.net/vendor/laravel/framework/src/Illuminate/Http/Middleware/TrustProxies.php(39): Illuminate\\Pipeline\\Pipeline->Illuminate\\Pipeline\\{closure}(Object(Illuminate\\Http\\Request))
#24 /home/ugzambia/public_html/sv.ugzambia.net/vendor/laravel/framework/src/Illuminate/Pipeline/Pipeline.php(183): Illuminate\\Http\\Middleware\\TrustProxies->handle(Object(Illuminate\\Http\\Request), Object(Closure))
#25 /home/ugzambia/public_html/sv.ugzambia.net/vendor/laravel/framework/src/Illuminate/Pipeline/Pipeline.php(119): Illuminate\\Pipeline\\Pipeline->Illuminate\\Pipeline\\{closure}(Object(Illuminate\\Http\\Request))
#26 /home/ugzambia/public_html/sv.ugzambia.net/vendor/laravel/framework/src/Illuminate/Foundation/Http/Kernel.php(175): Illuminate\\Pipeline\\Pipeline->then(Object(Closure))
#27 /home/ugzambia/public_html/sv.ugzambia.net/vendor/laravel/framework/src/Illuminate/Foundation/Http/Kernel.php(144): Illuminate\\Foundation\\Http\\Kernel->sendRequestThroughRouter(Object(Illuminate\\Http\\Request))
#28 /home/ugzambia/public_html/sv.ugzambia.net/public/index.php(51): Illuminate\\Foundation\\Http\\Kernel->handle(Object(Illuminate\\Http\\Request))
#29 {main}
"} 
